20:10:49.552 [AWT-EventQueue-0] INFO  c.b.actions.EnableBrowserStack - Setting enable browserstack run update
20:10:49.555 [AWT-EventQueue-0] INFO  com.browserstack.utils.Helpers - /Users/adrianpricopie/.m2/repository/com/browserstack/browserstack-java-sdk/1.13.24/browserstack-java-sdk-1.13.24.jar
20:10:49.556 [AWT-EventQueue-0] INFO  com.browserstack.utils.Helpers - true
20:10:49.561 [AWT-EventQueue-0] INFO  c.b.actions.DisableBrowserStack - Setting disable browserstack run update
20:10:49.561 [AWT-EventQueue-0] INFO  com.browserstack.utils.Helpers - /Users/adrianpricopie/.m2/repository/com/browserstack/browserstack-java-sdk/1.13.24/browserstack-java-sdk-1.13.24.jar
20:10:49.561 [AWT-EventQueue-0] INFO  com.browserstack.utils.Helpers - true
20:10:50.294 [AWT-EventQueue-0] INFO  c.b.actions.DisableBrowserStack - Setting disable browserstack run update
20:10:50.295 [AWT-EventQueue-0] INFO  com.browserstack.utils.Helpers - /Users/adrianpricopie/.m2/repository/com/browserstack/browserstack-java-sdk/1.13.24/browserstack-java-sdk-1.13.24.jar
20:10:50.295 [AWT-EventQueue-0] INFO  com.browserstack.utils.Helpers - true
20:10:50.303 [AWT-EventQueue-0] INFO  c.b.actions.DisableBrowserStack - Disabling BrowserStack Run
20:10:50.303 [AWT-EventQueue-0] INFO  com.browserstack.utils.Helpers - setting browserstack enabled to false
20:10:52.521 [AWT-EventQueue-0] INFO  c.b.actions.EnableBrowserStack - Setting enable browserstack run update
20:10:52.522 [AWT-EventQueue-0] INFO  com.browserstack.utils.Helpers - /Users/adrianpricopie/.m2/repository/com/browserstack/browserstack-java-sdk/1.13.24/browserstack-java-sdk-1.13.24.jar
20:10:52.522 [AWT-EventQueue-0] INFO  com.browserstack.utils.Helpers - false
20:10:52.526 [AWT-EventQueue-0] INFO  c.b.actions.DisableBrowserStack - Setting disable browserstack run update
20:10:52.526 [AWT-EventQueue-0] INFO  com.browserstack.utils.Helpers - /Users/adrianpricopie/.m2/repository/com/browserstack/browserstack-java-sdk/1.13.24/browserstack-java-sdk-1.13.24.jar
20:10:52.526 [AWT-EventQueue-0] INFO  com.browserstack.utils.Helpers - false
20:10:53.960 [AWT-EventQueue-0] INFO  c.b.actions.DisableBrowserStack - Setting disable browserstack run update
20:10:53.961 [AWT-EventQueue-0] INFO  com.browserstack.utils.Helpers - /Users/adrianpricopie/.m2/repository/com/browserstack/browserstack-java-sdk/1.13.24/browserstack-java-sdk-1.13.24.jar
20:10:53.961 [AWT-EventQueue-0] INFO  com.browserstack.utils.Helpers - false
20:10:53.968 [AWT-EventQueue-0] INFO  c.b.actions.EnableBrowserStack - Setting enable browserstack run update
20:10:53.968 [AWT-EventQueue-0] INFO  com.browserstack.utils.Helpers - /Users/adrianpricopie/.m2/repository/com/browserstack/browserstack-java-sdk/1.13.24/browserstack-java-sdk-1.13.24.jar
20:10:53.968 [AWT-EventQueue-0] INFO  com.browserstack.utils.Helpers - false
20:10:56.886 [AWT-EventQueue-0] INFO  c.b.launchers.LaunchMavenCommand - Integrate source: java:appium-intellij:v1.1.4
20:10:56.886 [AWT-EventQueue-0] INFO  c.b.launchers.LaunchMavenCommand - Executing maven archetype command - browserstack-sdk-archetype-integrate
20:10:57.003 [ApplicationImpl pooled thread 5] INFO  c.b.l.BrowserStackRunExtension - maven
20:10:57.003 [ApplicationImpl pooled thread 5] INFO  com.browserstack.utils.Helpers - false
20:12:09.933 [AWT-EventQueue-0] INFO  c.b.actions.EnableBrowserStack - Setting enable browserstack run update
20:12:09.935 [AWT-EventQueue-0] INFO  com.browserstack.utils.Helpers - /Users/adrianpricopie/.m2/repository/com/browserstack/browserstack-java-sdk/1.13.24/browserstack-java-sdk-1.13.24.jar
20:12:09.935 [AWT-EventQueue-0] INFO  com.browserstack.utils.Helpers - false
20:12:09.942 [AWT-EventQueue-0] INFO  c.b.actions.DisableBrowserStack - Setting disable browserstack run update
20:12:09.942 [AWT-EventQueue-0] INFO  com.browserstack.utils.Helpers - /Users/adrianpricopie/.m2/repository/com/browserstack/browserstack-java-sdk/1.13.24/browserstack-java-sdk-1.13.24.jar
20:12:09.942 [AWT-EventQueue-0] INFO  com.browserstack.utils.Helpers - false
20:12:11.592 [AWT-EventQueue-0] INFO  c.b.actions.EnableBrowserStack - Setting enable browserstack run update
20:12:11.593 [AWT-EventQueue-0] INFO  com.browserstack.utils.Helpers - /Users/adrianpricopie/.m2/repository/com/browserstack/browserstack-java-sdk/1.13.24/browserstack-java-sdk-1.13.24.jar
20:12:11.593 [AWT-EventQueue-0] INFO  com.browserstack.utils.Helpers - false
20:12:11.596 [AWT-EventQueue-0] INFO  c.b.actions.EnableBrowserStack - Enabling BrowserStack Run
20:12:11.596 [AWT-EventQueue-0] INFO  com.browserstack.utils.Helpers - setting browserstack enabled to true
20:12:14.822 [AWT-EventQueue-0] INFO  c.b.actions.DisableBrowserStack - Setting disable browserstack run update
20:12:14.824 [AWT-EventQueue-0] INFO  com.browserstack.utils.Helpers - /Users/adrianpricopie/.m2/repository/com/browserstack/browserstack-java-sdk/1.13.24/browserstack-java-sdk-1.13.24.jar
20:12:14.824 [AWT-EventQueue-0] INFO  com.browserstack.utils.Helpers - true
20:12:14.830 [AWT-EventQueue-0] INFO  c.b.actions.EnableBrowserStack - Setting enable browserstack run update
20:12:14.830 [AWT-EventQueue-0] INFO  com.browserstack.utils.Helpers - /Users/adrianpricopie/.m2/repository/com/browserstack/browserstack-java-sdk/1.13.24/browserstack-java-sdk-1.13.24.jar
20:12:14.830 [AWT-EventQueue-0] INFO  com.browserstack.utils.Helpers - true
20:12:37.770 [AWT-EventQueue-0] INFO  c.b.actions.DisableBrowserStack - Setting disable browserstack run update
20:12:37.773 [AWT-EventQueue-0] INFO  com.browserstack.utils.Helpers - /Users/adrianpricopie/.m2/repository/com/browserstack/browserstack-java-sdk/1.13.24/browserstack-java-sdk-1.13.24.jar
20:12:37.773 [AWT-EventQueue-0] INFO  com.browserstack.utils.Helpers - true
20:12:37.777 [AWT-EventQueue-0] INFO  c.b.actions.EnableBrowserStack - Setting enable browserstack run update
20:12:37.778 [AWT-EventQueue-0] INFO  com.browserstack.utils.Helpers - /Users/adrianpricopie/.m2/repository/com/browserstack/browserstack-java-sdk/1.13.24/browserstack-java-sdk-1.13.24.jar
20:12:37.778 [AWT-EventQueue-0] INFO  com.browserstack.utils.Helpers - true
20:12:56.742 [AWT-EventQueue-0] INFO  c.b.actions.DisableBrowserStack - Setting disable browserstack run update
20:12:56.744 [AWT-EventQueue-0] INFO  com.browserstack.utils.Helpers - /Users/adrianpricopie/.m2/repository/com/browserstack/browserstack-java-sdk/1.13.24/browserstack-java-sdk-1.13.24.jar
20:12:56.744 [AWT-EventQueue-0] INFO  com.browserstack.utils.Helpers - true
20:12:56.751 [AWT-EventQueue-0] INFO  c.b.actions.EnableBrowserStack - Setting enable browserstack run update
20:12:56.752 [AWT-EventQueue-0] INFO  com.browserstack.utils.Helpers - /Users/adrianpricopie/.m2/repository/com/browserstack/browserstack-java-sdk/1.13.24/browserstack-java-sdk-1.13.24.jar
20:12:56.752 [AWT-EventQueue-0] INFO  com.browserstack.utils.Helpers - true
20:13:45.707 [AWT-EventQueue-0] INFO  c.b.launchers.LaunchMavenCommand - Integrate source: java:appium-intellij:v1.1.4
20:13:45.707 [AWT-EventQueue-0] INFO  c.b.launchers.LaunchMavenCommand - Executing maven archetype command - browserstack-sdk-archetype-integrate
20:13:45.777 [ApplicationImpl pooled thread 4] INFO  c.b.l.BrowserStackRunExtension - maven
20:13:45.777 [ApplicationImpl pooled thread 4] INFO  com.browserstack.utils.Helpers - true
20:14:08.028 [java] INFO  c.b.launchers.LaunchMavenCommand - Completed maven archetype command
